<?xml version="1.0" encoding="UTF-8"?>
<!-- Generated by org.testng.reporters.JUnitXMLReporter -->
<testsuite ignored="0" hostname="DESKTOP-M4EJ7D6" failures="0" tests="10" name="Default test" time="250.233" errors="0" timestamp="2022-01-18T14:02:31 IST">
  <testcase classname="runner.WebApp" name="test1" time="0.785"/>
  <testcase classname="runner.WebApp" name="test2" time="2.331"/>
  <testcase classname="runner.WebApp" name="test3" time="0.832"/>
  <testcase classname="runner.WebApp" name="test4" time="2.391"/>
  <testcase classname="runner.WebApp" name="test5" time="2.908"/>
  <testcase classname="runner.WebApp" name="test6" time="11.745"/>
  <testcase classname="runner.WebApp" name="test7" time="17.867"/>
  <testcase classname="runner.WebApp" name="test8" time="31.425"/>
  <testcase classname="runner.WebApp" name="test9" time="23.443"/>
  <testcase classname="runner.WebApp" name="test10" time="10.808"/>
</testsuite> <!-- Default test -->
