<?xml version="1.0" encoding="UTF-8"?>
<testng-results ignored="0" total="10" passed="10" failed="0" skipped="0">
  <reporter-output>
  </reporter-output>
  <suite started-at="2022-01-18T13:58:21 IST" name="Default suite" finished-at="2022-01-18T14:02:31 IST" duration-ms="250233">
    <groups>
    </groups>
    <test started-at="2022-01-18T13:58:21 IST" name="Default test" finished-at="2022-01-18T14:02:31 IST" duration-ms="250233">
      <class name="runner.WebApp">
        <test-method is-config="true" signature="Before()[pri:0, instance:runner.WebApp@26ceffa8]" started-at="2022-01-18T13:58:21 IST" name="Before" finished-at="2022-01-18T13:58:49 IST" duration-ms="27648" status="PASS">
          <reporter-output>
          </reporter-output>
        </test-method> <!-- Before -->
        <test-method signature="test1()[pri:1, instance:runner.WebApp@26ceffa8]" started-at="2022-01-18T13:58:49 IST" name="test1" finished-at="2022-01-18T13:58:49 IST" duration-ms="785" status="PASS">
          <reporter-output>
          </reporter-output>
        </test-method> <!-- test1 -->
        <test-method is-config="true" signature="After()[pri:0, instance:runner.WebApp@26ceffa8]" started-at="2022-01-18T13:58:49 IST" name="After" finished-at="2022-01-18T13:58:51 IST" duration-ms="1048" status="PASS">
          <reporter-output>
          </reporter-output>
        </test-method> <!-- After -->
        <test-method is-config="true" signature="Before()[pri:0, instance:runner.WebApp@26ceffa8]" started-at="2022-01-18T13:58:51 IST" name="Before" finished-at="2022-01-18T13:59:08 IST" duration-ms="17919" status="PASS">
          <reporter-output>
          </reporter-output>
        </test-method> <!-- Before -->
        <test-method signature="test2()[pri:2, instance:runner.WebApp@26ceffa8]" started-at="2022-01-18T13:59:08 IST" name="test2" finished-at="2022-01-18T13:59:11 IST" duration-ms="2331" status="PASS">
          <reporter-output>
          </reporter-output>
        </test-method> <!-- test2 -->
        <test-method is-config="true" signature="After()[pri:0, instance:runner.WebApp@26ceffa8]" started-at="2022-01-18T13:59:11 IST" name="After" finished-at="2022-01-18T13:59:12 IST" duration-ms="906" status="PASS">
          <reporter-output>
          </reporter-output>
        </test-method> <!-- After -->
        <test-method is-config="true" signature="Before()[pri:0, instance:runner.WebApp@26ceffa8]" started-at="2022-01-18T13:59:12 IST" name="Before" finished-at="2022-01-18T13:59:24 IST" duration-ms="12454" status="PASS">
          <reporter-output>
          </reporter-output>
        </test-method> <!-- Before -->
        <test-method signature="test3()[pri:3, instance:runner.WebApp@26ceffa8]" started-at="2022-01-18T13:59:24 IST" name="test3" finished-at="2022-01-18T13:59:25 IST" duration-ms="832" status="PASS">
          <reporter-output>
          </reporter-output>
        </test-method> <!-- test3 -->
        <test-method is-config="true" signature="After()[pri:0, instance:runner.WebApp@26ceffa8]" started-at="2022-01-18T13:59:25 IST" name="After" finished-at="2022-01-18T13:59:26 IST" duration-ms="935" status="PASS">
          <reporter-output>
          </reporter-output>
        </test-method> <!-- After -->
        <test-method is-config="true" signature="Before()[pri:0, instance:runner.WebApp@26ceffa8]" started-at="2022-01-18T13:59:26 IST" name="Before" finished-at="2022-01-18T13:59:41 IST" duration-ms="15133" status="PASS">
          <reporter-output>
          </reporter-output>
        </test-method> <!-- Before -->
        <test-method signature="test4()[pri:4, instance:runner.WebApp@26ceffa8]" started-at="2022-01-18T13:59:41 IST" name="test4" finished-at="2022-01-18T13:59:43 IST" duration-ms="2391" status="PASS">
          <reporter-output>
          </reporter-output>
        </test-method> <!-- test4 -->
        <test-method is-config="true" signature="After()[pri:0, instance:runner.WebApp@26ceffa8]" started-at="2022-01-18T13:59:43 IST" name="After" finished-at="2022-01-18T13:59:44 IST" duration-ms="869" status="PASS">
          <reporter-output>
          </reporter-output>
        </test-method> <!-- After -->
        <test-method is-config="true" signature="Before()[pri:0, instance:runner.WebApp@26ceffa8]" started-at="2022-01-18T13:59:44 IST" name="Before" finished-at="2022-01-18T13:59:53 IST" duration-ms="9059" status="PASS">
          <reporter-output>
          </reporter-output>
        </test-method> <!-- Before -->
        <test-method signature="test5()[pri:5, instance:runner.WebApp@26ceffa8]" started-at="2022-01-18T13:59:53 IST" name="test5" finished-at="2022-01-18T13:59:56 IST" duration-ms="2908" status="PASS">
          <reporter-output>
          </reporter-output>
        </test-method> <!-- test5 -->
        <test-method is-config="true" signature="After()[pri:0, instance:runner.WebApp@26ceffa8]" started-at="2022-01-18T13:59:56 IST" name="After" finished-at="2022-01-18T13:59:57 IST" duration-ms="914" status="PASS">
          <reporter-output>
          </reporter-output>
        </test-method> <!-- After -->
        <test-method is-config="true" signature="Before()[pri:0, instance:runner.WebApp@26ceffa8]" started-at="2022-01-18T13:59:57 IST" name="Before" finished-at="2022-01-18T14:00:06 IST" duration-ms="8755" status="PASS">
          <reporter-output>
          </reporter-output>
        </test-method> <!-- Before -->
        <test-method signature="test6()[pri:6, instance:runner.WebApp@26ceffa8]" started-at="2022-01-18T14:00:06 IST" name="test6" finished-at="2022-01-18T14:00:18 IST" duration-ms="11745" status="PASS">
          <reporter-output>
          </reporter-output>
        </test-method> <!-- test6 -->
        <test-method is-config="true" signature="After()[pri:0, instance:runner.WebApp@26ceffa8]" started-at="2022-01-18T14:00:18 IST" name="After" finished-at="2022-01-18T14:00:19 IST" duration-ms="928" status="PASS">
          <reporter-output>
          </reporter-output>
        </test-method> <!-- After -->
        <test-method is-config="true" signature="Before()[pri:0, instance:runner.WebApp@26ceffa8]" started-at="2022-01-18T14:00:19 IST" name="Before" finished-at="2022-01-18T14:00:28 IST" duration-ms="9280" status="PASS">
          <reporter-output>
          </reporter-output>
        </test-method> <!-- Before -->
        <test-method signature="test7()[pri:7, instance:runner.WebApp@26ceffa8]" started-at="2022-01-18T14:00:28 IST" name="test7" finished-at="2022-01-18T14:00:46 IST" duration-ms="17867" status="PASS">
          <reporter-output>
          </reporter-output>
        </test-method> <!-- test7 -->
        <test-method is-config="true" signature="After()[pri:0, instance:runner.WebApp@26ceffa8]" started-at="2022-01-18T14:00:46 IST" name="After" finished-at="2022-01-18T14:00:47 IST" duration-ms="1294" status="PASS">
          <reporter-output>
          </reporter-output>
        </test-method> <!-- After -->
        <test-method is-config="true" signature="Before()[pri:0, instance:runner.WebApp@26ceffa8]" started-at="2022-01-18T14:00:47 IST" name="Before" finished-at="2022-01-18T14:00:59 IST" duration-ms="12242" status="PASS">
          <reporter-output>
          </reporter-output>
        </test-method> <!-- Before -->
        <test-method signature="test8()[pri:8, instance:runner.WebApp@26ceffa8]" started-at="2022-01-18T14:00:59 IST" name="test8" finished-at="2022-01-18T14:01:31 IST" duration-ms="31425" status="PASS">
          <reporter-output>
          </reporter-output>
        </test-method> <!-- test8 -->
        <test-method is-config="true" signature="After()[pri:0, instance:runner.WebApp@26ceffa8]" started-at="2022-01-18T14:01:31 IST" name="After" finished-at="2022-01-18T14:01:32 IST" duration-ms="942" status="PASS">
          <reporter-output>
          </reporter-output>
        </test-method> <!-- After -->
        <test-method is-config="true" signature="Before()[pri:0, instance:runner.WebApp@26ceffa8]" started-at="2022-01-18T14:01:32 IST" name="Before" finished-at="2022-01-18T14:01:44 IST" duration-ms="12224" status="PASS">
          <reporter-output>
          </reporter-output>
        </test-method> <!-- Before -->
        <test-method signature="test9()[pri:9, instance:runner.WebApp@26ceffa8]" started-at="2022-01-18T14:01:44 IST" name="test9" finished-at="2022-01-18T14:02:07 IST" duration-ms="23443" status="PASS">
          <reporter-output>
          </reporter-output>
        </test-method> <!-- test9 -->
        <test-method is-config="true" signature="After()[pri:0, instance:runner.WebApp@26ceffa8]" started-at="2022-01-18T14:02:07 IST" name="After" finished-at="2022-01-18T14:02:09 IST" duration-ms="1364" status="PASS">
          <reporter-output>
          </reporter-output>
        </test-method> <!-- After -->
        <test-method is-config="true" signature="Before()[pri:0, instance:runner.WebApp@26ceffa8]" started-at="2022-01-18T14:02:09 IST" name="Before" finished-at="2022-01-18T14:02:19 IST" duration-ms="10660" status="PASS">
          <reporter-output>
          </reporter-output>
        </test-method> <!-- Before -->
        <test-method signature="test10()[pri:10, instance:runner.WebApp@26ceffa8]" started-at="2022-01-18T14:02:19 IST" name="test10" finished-at="2022-01-18T14:02:30 IST" duration-ms="10808" status="PASS">
          <reporter-output>
          </reporter-output>
        </test-method> <!-- test10 -->
        <test-method is-config="true" signature="After()[pri:0, instance:runner.WebApp@26ceffa8]" started-at="2022-01-18T14:02:30 IST" name="After" finished-at="2022-01-18T14:02:31 IST" duration-ms="1017" status="PASS">
          <reporter-output>
          </reporter-output>
        </test-method> <!-- After -->
        <test-method is-config="true" signature="flush()[pri:0, instance:runner.WebApp@26ceffa8]" started-at="2022-01-18T14:02:31 IST" name="flush" finished-at="2022-01-18T14:02:33 IST" duration-ms="1251" status="PASS">
          <reporter-output>
          </reporter-output>
        </test-method> <!-- flush -->
      </class> <!-- runner.WebApp -->
    </test> <!-- Default test -->
  </suite> <!-- Default suite -->
</testng-results>
